Using pre-set license
Built from '2022.3/staging' branch; Version is '2022.3.13f1 (5f90a5ebde0f) revision 6262949'; Using compiler version '192829333'; Build Type 'Release'
OS: 'Windows 11  (10.0.22631) 64bit Core' Language: 'fr' Physical Memory: 32645 MB
BatchMode: 1, IsHumanControllingUs: 0, StartBugReporterOnCrash: 0, Is64bit: 1, IsPro: 1

COMMAND LINE ARGUMENTS:
C:\Program Files\Unity\Hub\Editor\2022.3.13f1\Editor\Unity.exe
-adb2
-batchMode
-noUpm
-name
AssetImportWorker2
-projectPath
C:/Users/adupi/Desktop/AdvancedShaders
-logFile
Logs/AssetImportWorker2.log
-srvPort
52891
Successfully changed project path to: C:/Users/adupi/Desktop/AdvancedShaders
C:/Users/adupi/Desktop/AdvancedShaders
[UnityMemory] Configuration Parameters - Can be set up in boot.config
    "memorysetup-bucket-allocator-granularity=16"
    "memorysetup-bucket-allocator-bucket-count=8"
    "memorysetup-bucket-allocator-block-size=33554432"
    "memorysetup-bucket-allocator-block-count=8"
    "memorysetup-main-allocator-block-size=16777216"
    "memorysetup-thread-allocator-block-size=16777216"
    "memorysetup-gfx-main-allocator-block-size=16777216"
    "memorysetup-gfx-thread-allocator-block-size=16777216"
    "memorysetup-cache-allocator-block-size=4194304"
    "memorysetup-typetree-allocator-block-size=2097152"
    "memorysetup-profiler-bucket-allocator-granularity=16"
    "memorysetup-profiler-bucket-allocator-bucket-count=8"
    "memorysetup-profiler-bucket-allocator-block-size=33554432"
    "memorysetup-profiler-bucket-allocator-block-count=8"
    "memorysetup-profiler-allocator-block-size=16777216"
    "memorysetup-profiler-editor-allocator-block-size=1048576"
    "memorysetup-temp-allocator-size-main=16777216"
    "memorysetup-job-temp-allocator-block-size=2097152"
    "memorysetup-job-temp-allocator-block-size-background=1048576"
    "memorysetup-job-temp-allocator-reduction-small-platforms=262144"
    "memorysetup-allocator-temp-initial-block-size-main=262144"
    "memorysetup-allocator-temp-initial-block-size-worker=262144"
    "memorysetup-temp-allocator-size-background-worker=32768"
    "memorysetup-temp-allocator-size-job-worker=262144"
    "memorysetup-temp-allocator-size-preload-manager=33554432"
    "memorysetup-temp-allocator-size-nav-mesh-worker=65536"
    "memorysetup-temp-allocator-size-audio-worker=65536"
    "memorysetup-temp-allocator-size-cloud-worker=32768"
    "memorysetup-temp-allocator-size-gi-baking-worker=262144"
    "memorysetup-temp-allocator-size-gfx=262144"
Player connection [24308] Host "[IP] 192.168.1.76 [Port] 0 [Flags] 2 [Guid] 3247425476 [EditorId] 3247425476 [Version] 1048832 [Id] WindowsEditor(7,DESKTOP-V3A5BQ8) [Debug] 1 [PackageName] WindowsEditor [ProjectName] Editor" joined multi-casting on [225.0.0.222:54997]...

Player connection [24308] Host "[IP] 192.168.1.76 [Port] 0 [Flags] 2 [Guid] 3247425476 [EditorId] 3247425476 [Version] 1048832 [Id] WindowsEditor(7,DESKTOP-V3A5BQ8) [Debug] 1 [PackageName] WindowsEditor [ProjectName] Editor" joined alternative multi-casting on [225.0.0.222:34997]...

[Physics::Module] Initialized MultithreadedJobDispatcher with 11 workers.
Refreshing native plugins compatible for Editor in 9.87 ms, found 3 plugins.
Preloading 0 native plugins for Editor in 0.00 ms.
Initialize engine version: 2022.3.13f1 (5f90a5ebde0f)
[Subsystems] Discovering subsystems at path C:/Program Files/Unity/Hub/Editor/2022.3.13f1/Editor/Data/Resources/UnitySubsystems
[Subsystems] Discovering subsystems at path C:/Users/adupi/Desktop/AdvancedShaders/Assets
GfxDevice: creating device client; threaded=0; jobified=0
Direct3D:
    Version:  Direct3D 11.0 [level 11.1]
    Renderer: NVIDIA GeForce GTX 1080 (ID=0x1b80)
    Vendor:   NVIDIA
    VRAM:     8073 MB
    Driver:   31.0.15.4601
Initialize mono
Mono path[0] = 'C:/Program Files/Unity/Hub/Editor/2022.3.13f1/Editor/Data/Managed'
Mono path[1] = 'C:/Program Files/Unity/Hub/Editor/2022.3.13f1/Editor/Data/MonoBleedingEdge/lib/mono/unityjit-win32'
Mono config path = 'C:/Program Files/Unity/Hub/Editor/2022.3.13f1/Editor/Data/MonoBleedingEdge/etc'
Using monoOptions --debugger-agent=transport=dt_socket,embedding=1,server=y,suspend=n,address=127.0.0.1:56068
Begin MonoManager ReloadAssembly
Registering precompiled unity dll's ...
Register platform support module: C:/Program Files/Unity/Hub/Editor/2022.3.13f1/Editor/Data/PlaybackEngines/WindowsStandaloneSupport/UnityEditor.WindowsStandalone.Extensions.dll
Registered in 0.006823 seconds.
- Loaded All Assemblies, in  0.411 seconds
Native extension for WindowsStandalone target not found
Mono: successfully reloaded assembly
- Finished resetting the current domain, in  0.332 seconds
Domain Reload Profiling: 742ms
	BeginReloadAssembly (122ms)
		ExecutionOrderSort (0ms)
		DisableScriptedObjects (0ms)
		BackupInstance (0ms)
		ReleaseScriptingObjects (0ms)
		CreateAndSetChildDomain (1ms)
	RebuildCommonClasses (43ms)
	RebuildNativeTypeToScriptingClass (14ms)
	initialDomainReloadingComplete (70ms)
	LoadAllAssembliesAndSetupDomain (160ms)
		LoadAssemblies (120ms)
		RebuildTransferFunctionScriptingTraits (0ms)
		AnalyzeDomain (158ms)
			TypeCache.Refresh (156ms)
				TypeCache.ScanAssembly (143ms)
			ScanForSourceGeneratedMonoScriptInfo (0ms)
			ResolveRequiredComponents (1ms)
	FinalizeReload (332ms)
		ReleaseScriptCaches (0ms)
		RebuildScriptCaches (0ms)
		SetupLoadedEditorAssemblies (255ms)
			LogAssemblyErrors (0ms)
			InitializePlatformSupportModulesInManaged (11ms)
			SetLoadedEditorAssemblies (11ms)
			RefreshPlugins (0ms)
			BeforeProcessingInitializeOnLoad (3ms)
			ProcessInitializeOnLoadAttributes (165ms)
			ProcessInitializeOnLoadMethodAttributes (65ms)
			AfterProcessingInitializeOnLoad (0ms)
			EditorAssembliesLoaded (0ms)
		ExecutionOrderSort2 (0ms)
		AwakeInstancesAfterBackupRestoration (0ms)
========================================================================
Worker process is ready to serve import requests
Begin MonoManager ReloadAssembly
- Loaded All Assemblies, in  0.773 seconds
Refreshing native plugins compatible for Editor in 3.01 ms, found 3 plugins.
Native extension for WindowsStandalone target not found
Package Manager log level set to [2]
[Package Manager] Server::EnsureServerProcessIsRunning -- launch failed, reason: Unity was launched with the -noUpm command-line argument
[Package Manager] UpmClient::Send -- Unable to send message (not connected to UPM process).
[Package Manager] Cannot connect to Unity Package Manager local server
Mono: successfully reloaded assembly
- Finished resetting the current domain, in  0.757 seconds
Domain Reload Profiling: 1528ms
	BeginReloadAssembly (180ms)
		ExecutionOrderSort (0ms)
		DisableScriptedObjects (8ms)
		BackupInstance (0ms)
		ReleaseScriptingObjects (0ms)
		CreateAndSetChildDomain (26ms)
	RebuildCommonClasses (40ms)
	RebuildNativeTypeToScriptingClass (13ms)
	initialDomainReloadingComplete (50ms)
	LoadAllAssembliesAndSetupDomain (487ms)
		LoadAssemblies (376ms)
		RebuildTransferFunctionScriptingTraits (0ms)
		AnalyzeDomain (212ms)
			TypeCache.Refresh (188ms)
				TypeCache.ScanAssembly (174ms)
			ScanForSourceGeneratedMonoScriptInfo (17ms)
			ResolveRequiredComponents (5ms)
	FinalizeReload (758ms)
		ReleaseScriptCaches (0ms)
		RebuildScriptCaches (0ms)
		SetupLoadedEditorAssemblies (588ms)
			LogAssemblyErrors (0ms)
			InitializePlatformSupportModulesInManaged (7ms)
			SetLoadedEditorAssemblies (5ms)
			RefreshPlugins (0ms)
			BeforeProcessingInitializeOnLoad (116ms)
			ProcessInitializeOnLoadAttributes (426ms)
			ProcessInitializeOnLoadMethodAttributes (27ms)
			AfterProcessingInitializeOnLoad (7ms)
			EditorAssembliesLoaded (0ms)
		ExecutionOrderSort2 (0ms)
		AwakeInstancesAfterBackupRestoration (9ms)
Failed to load shader (instanceID 460, GUID 209f4c3496c1b46a3a2f9f0f27be788f)
Failed to load shader (instanceID 468, GUID 911130a939bf84843bcc4211c327f579)
Failed to load shader (instanceID 438, GUID c84d57d423a2042eb92da86f9fa670a3)
Failed to load shader (instanceID 436, GUID 1ccecd9b89b8a4f14bfb64f29ddfcc81)
Failed to load shader (instanceID 450, GUID 04b5dda5f278e4f56a9dbda64d90bb95)
Failed to load shader (instanceID 446, GUID 4293210a3280c4283b9872316017f1f9)
Failed to load shader (instanceID 462, GUID 8ca8b34aa013842f3b399b6961e7dc3b)
Failed to load shader (instanceID 452, GUID e8c3a1662a88140ae84d69a3a4cfdbaa)
Failed to load shader (instanceID 456, GUID 4300ae919783d4fa38001d745fbdecc1)
Failed to load shader (instanceID 442, GUID 35e778fba8b2b49a198d8d7cfced67eb)
Failed to load shader (instanceID 440, GUID cfa7edf01005f4e338d973cea2f6eab3)
Failed to load shader (instanceID 458, GUID a07688e921e974338945464731e069ce)
Failed to load shader (instanceID 444, GUID 86212504c7e9f468db2300dc5932dc17)
Failed to load shader (instanceID 448, GUID d6e5744ac426949ff8c0f02936689d4c)
Failed to load shader (instanceID 470, GUID 24f9f312f97bd48dba1a728d58c89842)
Failed to load shader (instanceID 472, GUID 6f37d9e45fbae41b386f76d3bfefec4a)
Failed to load shader (instanceID 464, GUID 1fd883d610b2f42a98fc7abaf6809430)
Failed to load shader (instanceID 434, GUID c26db15b9a2ed4b2ebefefd26ce85ae1)
Failed to load shader (instanceID 466, GUID 25b8a80cb03994c769145599929a5e97)
Failed to load shader (instanceID 454, GUID 33cb4e8ff0c1d43ac8ec40692656c7ed)
Launched and connected shader compiler UnityShaderCompiler.exe after 0.07 seconds
Refreshing native plugins compatible for Editor in 4.14 ms, found 3 plugins.
Preloading 0 native plugins for Editor in 0.00 ms.
Unloading 3101 Unused Serialized files (Serialized files now loaded: 0)
Unloading 32 unused Assets / (56.8 KB). Loaded Objects now: 3568.
Memory consumption went from 126.4 MB to 126.3 MB.
Total: 5.859400 ms (FindLiveObjects: 0.438200 ms CreateObjectMapping: 0.324600 ms MarkObjects: 4.950200 ms  DeleteObjects: 0.145000 ms)

AssetImportParameters requested are different than current active one (requested -> active):
  custom:container-demuxer-ogg: 62fdf1f143b41e24485cea50d1cbac27 -> 
  custom:video-codec-MediaFoundation-h265: 746d11721c4dcdbdad8f713fa42b33f4 -> 
  custom:video-decoder-ogg-theora: a1e56fd34408186e4bbccfd4996cb3dc -> 
  custom:framework-win-MediaFoundation: 216162199b28c13a410421893ffa2e32 -> 
  custom:CustomObjectIndexerAttribute: 756ad292c208cfabdd7b50bc23989ffe -> 
  custom:container-demuxer-webm: 4f35f7cbe854078d1ac9338744f61a02 -> 
  custom:container-muxer-webm: aa71ff27fc2769a1b78a27578f13a17b -> 
  custom:video-decoder-webm-vp8: 9c59270c3fd7afecdb556c50c9e8de78 -> 
  custom:SearchIndexIgnoredProperties: e643bd26f0fe6173181afceb89e7c659 -> 
  custom:AudioImporter_EditorPlatform: d09bf68614088b80899f8185d706f6e7 -> 
  custom:video-encoder-webm-vp8: eb34c28f22e8b96e1ab97ce403110664 -> 
  custom:audio-decoder-ogg-vorbis: bf7c407c2cedff20999df2af8eb42d56 -> 
  custom:audio-encoder-webm-vorbis: bf7c407c2cedff20999df2af8eb42d56 -> 
========================================================================
Received Import Request.
  Time since last request: 78437.610809 seconds.
  path: Assets/Materais
  artifactKey: Guid(e5a54311559c0eb4ba77da2f6f287510) Importer(815301076,1909f56bfc062723c751e8b465ee728b)
Start importing Assets/Materais using Guid(e5a54311559c0eb4ba77da2f6f287510) Importer(815301076,1909f56bfc062723c751e8b465ee728b)  -> (artifact id: '3f76235be3ba1fb0a40878f31ad6c2da') in 0.003505 seconds
Number of updated asset objects reloaded before import = 0
Number of asset objects unloaded after import = 0
========================================================================
Received Import Request.
  Time since last request: 36.821594 seconds.
  path: Assets/Materais/PersonnalMat.mat
  artifactKey: Guid(2a1f737b19304724db70d488fbc2993e) Importer(815301076,1909f56bfc062723c751e8b465ee728b)
Start importing Assets/Materais/PersonnalMat.mat using Guid(2a1f737b19304724db70d488fbc2993e) Importer(815301076,1909f56bfc062723c751e8b465ee728b)  -> (artifact id: 'd40b9e9ca65630dd9b06089d5ecfa374') in 0.138654 seconds
Number of updated asset objects reloaded before import = 0
Number of asset objects unloaded after import = 1
========================================================================
Received Import Request.
  Time since last request: 8.846763 seconds.
  path: Assets/Shader/GradiantShader.shader
  artifactKey: Guid(7714d980dcd46c1438c1343f9d4b0ca6) Importer(815301076,1909f56bfc062723c751e8b465ee728b)
Start importing Assets/Shader/GradiantShader.shader using Guid(7714d980dcd46c1438c1343f9d4b0ca6) Importer(815301076,1909f56bfc062723c751e8b465ee728b)  -> (artifact id: 'd31020f63f8f598422e138180ea7bd1c') in 0.000954 seconds
Number of updated asset objects reloaded before import = 0
Number of asset objects unloaded after import = 0
========================================================================
Received Import Request.
  Time since last request: 0.284830 seconds.
  path: Assets/Shader/FlagShader.shader
  artifactKey: Guid(07e938d152190134ebc9134519af66fc) Importer(815301076,1909f56bfc062723c751e8b465ee728b)
Start importing Assets/Shader/FlagShader.shader using Guid(07e938d152190134ebc9134519af66fc) Importer(815301076,1909f56bfc062723c751e8b465ee728b)  -> (artifact id: '2b9773949425481030743faba65cd170') in 0.000849 seconds
Number of updated asset objects reloaded before import = 0
Number of asset objects unloaded after import = 0
========================================================================
Received Import Request.
  Time since last request: 0.729082 seconds.
  path: Assets/Shader/MonochromeSahder.shader
  artifactKey: Guid(2cb845108e409504994b5785986d6835) Importer(815301076,1909f56bfc062723c751e8b465ee728b)
Start importing Assets/Shader/MonochromeSahder.shader using Guid(2cb845108e409504994b5785986d6835) Importer(815301076,1909f56bfc062723c751e8b465ee728b)  -> (artifact id: '7333bd3c741853ca9c0d76d2779dc50f') in 0.000860 seconds
Number of updated asset objects reloaded before import = 0
Number of asset objects unloaded after import = 0
========================================================================
Received Import Request.
  Time since last request: 0.368771 seconds.
  path: Assets/Shader/OutlineShader.shader
  artifactKey: Guid(901d5f3b9e45cbb4581c8754dc3217de) Importer(815301076,1909f56bfc062723c751e8b465ee728b)
Start importing Assets/Shader/OutlineShader.shader using Guid(901d5f3b9e45cbb4581c8754dc3217de) Importer(815301076,1909f56bfc062723c751e8b465ee728b)  -> (artifact id: '3e58640c486454e6156ba698bdd0f96f') in 0.000969 seconds
Number of updated asset objects reloaded before import = 0
Number of asset objects unloaded after import = 0
========================================================================
Received Import Request.
  Time since last request: 0.384473 seconds.
  path: Assets/Shader/SpashShader.shader
  artifactKey: Guid(37f629e491bf3b34a8616fad63ab9d84) Importer(815301076,1909f56bfc062723c751e8b465ee728b)
Start importing Assets/Shader/SpashShader.shader using Guid(37f629e491bf3b34a8616fad63ab9d84) Importer(815301076,1909f56bfc062723c751e8b465ee728b)  -> (artifact id: 'fb659a0be8863f9ccc1b2af2cf7d493f') in 0.000761 seconds
Number of updated asset objects reloaded before import = 0
Number of asset objects unloaded after import = 0
========================================================================
Received Import Request.
  Time since last request: 9.754478 seconds.
  path: Assets/Shader/DisplacementShader.shader
  artifactKey: Guid(48b27ff48e374b8408b8e16dce0443c9) Importer(815301076,1909f56bfc062723c751e8b465ee728b)
Start importing Assets/Shader/DisplacementShader.shader using Guid(48b27ff48e374b8408b8e16dce0443c9) Importer(815301076,1909f56bfc062723c751e8b465ee728b)  -> (artifact id: '9ad514712139e17fd64c93918d0f1b7a') in 0.000862 seconds
Number of updated asset objects reloaded before import = 0
Number of asset objects unloaded after import = 0
========================================================================
Received Import Request.
  Time since last request: 0.354262 seconds.
  path: Assets/Shader/DisplaceShader.shader
  artifactKey: Guid(fac1c941fc902b34aa51790378ee3216) Importer(815301076,1909f56bfc062723c751e8b465ee728b)
Start importing Assets/Shader/DisplaceShader.shader using Guid(fac1c941fc902b34aa51790378ee3216) Importer(815301076,1909f56bfc062723c751e8b465ee728b)  -> (artifact id: '630d745801ea9e7d5dba16adf64012e8') in 0.000935 seconds
Number of updated asset objects reloaded before import = 0
Number of asset objects unloaded after import = 0
========================================================================
Received Import Request.
  Time since last request: 5.452216 seconds.
  path: Assets/Shader/DisplaceShader 1.shader
  artifactKey: Guid(3d0f6ac88e64914419c7c319b7c098c9) Importer(815301076,1909f56bfc062723c751e8b465ee728b)
Start importing Assets/Shader/DisplaceShader 1.shader using Guid(3d0f6ac88e64914419c7c319b7c098c9) Importer(815301076,1909f56bfc062723c751e8b465ee728b)  -> (artifact id: 'ec12f70c6168145af6773b4ae847aff5') in 0.003104 seconds
Number of updated asset objects reloaded before import = 0
Number of asset objects unloaded after import = 1
========================================================================
Received Import Request.
  Time since last request: 6.175126 seconds.
  path: Assets/Shader/PersoanlSahder.shader
  artifactKey: Guid(3d0f6ac88e64914419c7c319b7c098c9) Importer(815301076,1909f56bfc062723c751e8b465ee728b)
Start importing Assets/Shader/PersoanlSahder.shader using Guid(3d0f6ac88e64914419c7c319b7c098c9) Importer(815301076,1909f56bfc062723c751e8b465ee728b)  -> (artifact id: '3758d8cd7a25fa7a0a12c57ced38e922') in 0.001229 seconds
Number of updated asset objects reloaded before import = 0
Number of asset objects unloaded after import = 1
========================================================================
Received Import Request.
  Time since last request: 17.511941 seconds.
  path: Assets/Shader/PersoanlSahder.shader
  artifactKey: Guid(3d0f6ac88e64914419c7c319b7c098c9) Importer(815301076,1909f56bfc062723c751e8b465ee728b)
Start importing Assets/Shader/PersoanlSahder.shader using Guid(3d0f6ac88e64914419c7c319b7c098c9) Importer(815301076,1909f56bfc062723c751e8b465ee728b)  -> (artifact id: 'c217bacfb6190a16466e325d9d624d38') in 0.001422 seconds
Number of updated asset objects reloaded before import = 0
Number of asset objects unloaded after import = 1
========================================================================
Received Prepare
Begin MonoManager ReloadAssembly
- Loaded All Assemblies, in  0.595 seconds
Refreshing native plugins compatible for Editor in 3.01 ms, found 3 plugins.
Native extension for WindowsStandalone target not found
[Package Manager] Server::EnsureServerProcessIsRunning -- launch failed, reason: Unity was launched with the -noUpm command-line argument
[Package Manager] UpmClient::Send -- Unable to send message (not connected to UPM process).
[Package Manager] Cannot connect to Unity Package Manager local server
Mono: successfully reloaded assembly
- Finished resetting the current domain, in  1.179 seconds
Domain Reload Profiling: 1771ms
	BeginReloadAssembly (208ms)
		ExecutionOrderSort (0ms)
		DisableScriptedObjects (9ms)
		BackupInstance (0ms)
		ReleaseScriptingObjects (0ms)
		CreateAndSetChildDomain (44ms)
	RebuildCommonClasses (49ms)
	RebuildNativeTypeToScriptingClass (14ms)
	initialDomainReloadingComplete (38ms)
	LoadAllAssembliesAndSetupDomain (283ms)
		LoadAssemblies (379ms)
		RebuildTransferFunctionScriptingTraits (0ms)
		AnalyzeDomain (14ms)
			TypeCache.Refresh (6ms)
				TypeCache.ScanAssembly (0ms)
			ScanForSourceGeneratedMonoScriptInfo (0ms)
			ResolveRequiredComponents (6ms)
	FinalizeReload (1180ms)
		ReleaseScriptCaches (0ms)
		RebuildScriptCaches (0ms)
		SetupLoadedEditorAssemblies (617ms)
			LogAssemblyErrors (0ms)
			InitializePlatformSupportModulesInManaged (9ms)
			SetLoadedEditorAssemblies (7ms)
			RefreshPlugins (0ms)
			BeforeProcessingInitializeOnLoad (122ms)
			ProcessInitializeOnLoadAttributes (440ms)
			ProcessInitializeOnLoadMethodAttributes (31ms)
			AfterProcessingInitializeOnLoad (7ms)
			EditorAssembliesLoaded (0ms)
		ExecutionOrderSort2 (0ms)
		AwakeInstancesAfterBackupRestoration (14ms)
Failed to load shader (instanceID 460, GUID 209f4c3496c1b46a3a2f9f0f27be788f)
Failed to load shader (instanceID 468, GUID 911130a939bf84843bcc4211c327f579)
Failed to load shader (instanceID 438, GUID c84d57d423a2042eb92da86f9fa670a3)
Failed to load shader (instanceID 436, GUID 1ccecd9b89b8a4f14bfb64f29ddfcc81)
Failed to load shader (instanceID 450, GUID 04b5dda5f278e4f56a9dbda64d90bb95)
Failed to load shader (instanceID 446, GUID 4293210a3280c4283b9872316017f1f9)
Failed to load shader (instanceID 462, GUID 8ca8b34aa013842f3b399b6961e7dc3b)
Failed to load shader (instanceID 452, GUID e8c3a1662a88140ae84d69a3a4cfdbaa)
Failed to load shader (instanceID 456, GUID 4300ae919783d4fa38001d745fbdecc1)
Failed to load shader (instanceID 442, GUID 35e778fba8b2b49a198d8d7cfced67eb)
Failed to load shader (instanceID 440, GUID cfa7edf01005f4e338d973cea2f6eab3)
Failed to load shader (instanceID 458, GUID a07688e921e974338945464731e069ce)
Failed to load shader (instanceID 444, GUID 86212504c7e9f468db2300dc5932dc17)
Failed to load shader (instanceID 448, GUID d6e5744ac426949ff8c0f02936689d4c)
Failed to load shader (instanceID 470, GUID 24f9f312f97bd48dba1a728d58c89842)
Failed to load shader (instanceID 472, GUID 6f37d9e45fbae41b386f76d3bfefec4a)
Failed to load shader (instanceID 464, GUID 1fd883d610b2f42a98fc7abaf6809430)
Failed to load shader (instanceID 434, GUID c26db15b9a2ed4b2ebefefd26ce85ae1)
Failed to load shader (instanceID 466, GUID 25b8a80cb03994c769145599929a5e97)
Failed to load shader (instanceID 454, GUID 33cb4e8ff0c1d43ac8ec40692656c7ed)
Refreshing native plugins compatible for Editor in 2.77 ms, found 3 plugins.
Preloading 0 native plugins for Editor in 0.00 ms.
Unloading 3083 Unused Serialized files (Serialized files now loaded: 0)
Unloading 24 unused Assets / (78.9 KB). Loaded Objects now: 3612.
Memory consumption went from 129.6 MB to 129.5 MB.
Total: 2.945500 ms (FindLiveObjects: 0.305700 ms CreateObjectMapping: 0.272100 ms MarkObjects: 2.237200 ms  DeleteObjects: 0.129400 ms)

Prepare: number of updated asset objects reloaded= 0
AssetImportParameters requested are different than current active one (requested -> active):
  custom:container-demuxer-ogg: 62fdf1f143b41e24485cea50d1cbac27 -> 
  custom:video-codec-MediaFoundation-h265: 746d11721c4dcdbdad8f713fa42b33f4 -> 
  custom:video-decoder-ogg-theora: a1e56fd34408186e4bbccfd4996cb3dc -> 
  custom:framework-win-MediaFoundation: 216162199b28c13a410421893ffa2e32 -> 
  custom:CustomObjectIndexerAttribute: 756ad292c208cfabdd7b50bc23989ffe -> 
  custom:container-demuxer-webm: 4f35f7cbe854078d1ac9338744f61a02 -> 
  custom:container-muxer-webm: aa71ff27fc2769a1b78a27578f13a17b -> 
  custom:video-decoder-webm-vp8: 9c59270c3fd7afecdb556c50c9e8de78 -> 
  custom:SearchIndexIgnoredProperties: e643bd26f0fe6173181afceb89e7c659 -> 
  custom:AudioImporter_EditorPlatform: d09bf68614088b80899f8185d706f6e7 -> 
  custom:video-encoder-webm-vp8: eb34c28f22e8b96e1ab97ce403110664 -> 
  custom:audio-decoder-ogg-vorbis: bf7c407c2cedff20999df2af8eb42d56 -> 
  custom:audio-encoder-webm-vorbis: bf7c407c2cedff20999df2af8eb42d56 -> 
========================================================================
Received Import Request.
  Time since last request: 247.701662 seconds.
  path: Assets/Shader/DisplaceShader.shader
  artifactKey: Guid(fac1c941fc902b34aa51790378ee3216) Importer(815301076,1909f56bfc062723c751e8b465ee728b)
Start importing Assets/Shader/DisplaceShader.shader using Guid(fac1c941fc902b34aa51790378ee3216) Importer(815301076,1909f56bfc062723c751e8b465ee728b)  -> (artifact id: '8edfb2fd7c684720e42ed1021db84df0') in 0.018873 seconds
Number of updated asset objects reloaded before import = 1
Number of asset objects unloaded after import = 0
========================================================================
Received Import Request.
  Time since last request: 234.193087 seconds.
  path: Assets/Shader/PersoanlSahder.shader
  artifactKey: Guid(3d0f6ac88e64914419c7c319b7c098c9) Importer(815301076,1909f56bfc062723c751e8b465ee728b)
Start importing Assets/Shader/PersoanlSahder.shader using Guid(3d0f6ac88e64914419c7c319b7c098c9) Importer(815301076,1909f56bfc062723c751e8b465ee728b)  -> (artifact id: '1f725a8940181f310cd51ef431065ff5') in 0.001434 seconds
Number of updated asset objects reloaded before import = 0
Number of asset objects unloaded after import = 1
========================================================================
Received Import Request.
  Time since last request: 6.175961 seconds.
  path: Assets/Shader/SeeShader.shader
  artifactKey: Guid(3d0f6ac88e64914419c7c319b7c098c9) Importer(815301076,1909f56bfc062723c751e8b465ee728b)
Start importing Assets/Shader/SeeShader.shader using Guid(3d0f6ac88e64914419c7c319b7c098c9) Importer(815301076,1909f56bfc062723c751e8b465ee728b)  -> (artifact id: '27b3e5c5ae9e5c09221523ed41111ac0') in 0.001404 seconds
Number of updated asset objects reloaded before import = 0
Number of asset objects unloaded after import = 1
========================================================================
Received Import Request.
  Time since last request: 3.447107 seconds.
  path: Assets/Shader/SeeShader 1.shader
  artifactKey: Guid(9e188d9cfcc9c5f4d8342b2ccfe027c1) Importer(815301076,1909f56bfc062723c751e8b465ee728b)
Start importing Assets/Shader/SeeShader 1.shader using Guid(9e188d9cfcc9c5f4d8342b2ccfe027c1) Importer(815301076,1909f56bfc062723c751e8b465ee728b)  -> (artifact id: '2fc1be40c38616e0b4747cc7cf7ca2a6') in 0.001628 seconds
Number of updated asset objects reloaded before import = 0
Number of asset objects unloaded after import = 1
========================================================================
Received Import Request.
  Time since last request: 5.933747 seconds.
  path: Assets/Shader/GrassShader.shader
  artifactKey: Guid(9e188d9cfcc9c5f4d8342b2ccfe027c1) Importer(815301076,1909f56bfc062723c751e8b465ee728b)
Start importing Assets/Shader/GrassShader.shader using Guid(9e188d9cfcc9c5f4d8342b2ccfe027c1) Importer(815301076,1909f56bfc062723c751e8b465ee728b)  -> (artifact id: '87f82496609c12cc64297111572c5717') in 0.001405 seconds
Number of updated asset objects reloaded before import = 0
Number of asset objects unloaded after import = 1
========================================================================
Received Import Request.
  Time since last request: 18.448492 seconds.
  path: Assets/Shader/GrassShader.shader
  artifactKey: Guid(9e188d9cfcc9c5f4d8342b2ccfe027c1) Importer(815301076,1909f56bfc062723c751e8b465ee728b)
Start importing Assets/Shader/GrassShader.shader using Guid(9e188d9cfcc9c5f4d8342b2ccfe027c1) Importer(815301076,1909f56bfc062723c751e8b465ee728b)  -> (artifact id: 'd7f0a0cbb2a2a6e523c9c5a49dc2e6f7') in 0.001700 seconds
Number of updated asset objects reloaded before import = 0
Number of asset objects unloaded after import = 1
========================================================================
Received Import Request.
  Time since last request: 11.979166 seconds.
  path: Assets/Materais/SpalshMat.mat
  artifactKey: Guid(303d3468be868d94982f285c14e45383) Importer(815301076,1909f56bfc062723c751e8b465ee728b)
Start importing Assets/Materais/SpalshMat.mat using Guid(303d3468be868d94982f285c14e45383) Importer(815301076,1909f56bfc062723c751e8b465ee728b)  -> (artifact id: '9ded8f210923215f8030dbbc7f35a134') in 0.147718 seconds
Number of updated asset objects reloaded before import = 0
Number of asset objects unloaded after import = 4
========================================================================
Received Import Request.
  Time since last request: 40.266922 seconds.
  path: Assets/Materais/Grass_(item).png
  artifactKey: Guid(5a728230f9eaaf940ac0523ba89858da) Importer(815301076,1909f56bfc062723c751e8b465ee728b)
Start importing Assets/Materais/Grass_(item).png using Guid(5a728230f9eaaf940ac0523ba89858da) Importer(815301076,1909f56bfc062723c751e8b465ee728b)  -> (artifact id: 'f2193598d69443257b7bedeb8c26c74b') in 0.020921 seconds
Number of updated asset objects reloaded before import = 0
Number of asset objects unloaded after import = 2
========================================================================
Received Import Request.
  Time since last request: 55.868952 seconds.
  path: Assets/Shader/GrassShader.shader
  artifactKey: Guid(9e188d9cfcc9c5f4d8342b2ccfe027c1) Importer(815301076,1909f56bfc062723c751e8b465ee728b)
Start importing Assets/Shader/GrassShader.shader using Guid(9e188d9cfcc9c5f4d8342b2ccfe027c1) Importer(815301076,1909f56bfc062723c751e8b465ee728b)  -> (artifact id: '50585648fc4e3b9d8c238253979e4cf3') in 0.001678 seconds
Number of updated asset objects reloaded before import = 0
Number of asset objects unloaded after import = 1
========================================================================
Received Prepare
Begin MonoManager ReloadAssembly
- Loaded All Assemblies, in  0.760 seconds
Refreshing native plugins compatible for Editor in 5.10 ms, found 3 plugins.
Native extension for WindowsStandalone target not found
[Package Manager] Server::EnsureServerProcessIsRunning -- launch failed, reason: Unity was launched with the -noUpm command-line argument
[Package Manager] UpmClient::Send -- Unable to send message (not connected to UPM process).
[Package Manager] Cannot connect to Unity Package Manager local server
Mono: successfully reloaded assembly
- Finished resetting the current domain, in  1.817 seconds
Domain Reload Profiling: 2574ms
	BeginReloadAssembly (253ms)
		ExecutionOrderSort (0ms)
		DisableScriptedObjects (7ms)
		BackupInstance (0ms)
		ReleaseScriptingObjects (0ms)
		CreateAndSetChildDomain (64ms)
	RebuildCommonClasses (62ms)
	RebuildNativeTypeToScriptingClass (16ms)
	initialDomainReloadingComplete (41ms)
	LoadAllAssembliesAndSetupDomain (383ms)
		LoadAssemblies (497ms)
		RebuildTransferFunctionScriptingTraits (0ms)
		AnalyzeDomain (23ms)
			TypeCache.Refresh (10ms)
				TypeCache.ScanAssembly (0ms)
			ScanForSourceGeneratedMonoScriptInfo (0ms)
			ResolveRequiredComponents (12ms)
	FinalizeReload (1818ms)
		ReleaseScriptCaches (0ms)
		RebuildScriptCaches (0ms)
		SetupLoadedEditorAssemblies (819ms)
			LogAssemblyErrors (0ms)
			InitializePlatformSupportModulesInManaged (9ms)
			SetLoadedEditorAssemblies (7ms)
			RefreshPlugins (0ms)
			BeforeProcessingInitializeOnLoad (163ms)
			ProcessInitializeOnLoadAttributes (578ms)
			ProcessInitializeOnLoadMethodAttributes (49ms)
			AfterProcessingInitializeOnLoad (13ms)
			EditorAssembliesLoaded (0ms)
		ExecutionOrderSort2 (0ms)
		AwakeInstancesAfterBackupRestoration (22ms)
Failed to load shader (instanceID 460, GUID 209f4c3496c1b46a3a2f9f0f27be788f)
Failed to load shader (instanceID 468, GUID 911130a939bf84843bcc4211c327f579)
Failed to load shader (instanceID 438, GUID c84d57d423a2042eb92da86f9fa670a3)
Failed to load shader (instanceID 436, GUID 1ccecd9b89b8a4f14bfb64f29ddfcc81)
Failed to load shader (instanceID 450, GUID 04b5dda5f278e4f56a9dbda64d90bb95)
Failed to load shader (instanceID 446, GUID 4293210a3280c4283b9872316017f1f9)
Failed to load shader (instanceID 462, GUID 8ca8b34aa013842f3b399b6961e7dc3b)
Failed to load shader (instanceID 452, GUID e8c3a1662a88140ae84d69a3a4cfdbaa)
Failed to load shader (instanceID 456, GUID 4300ae919783d4fa38001d745fbdecc1)
Failed to load shader (instanceID 442, GUID 35e778fba8b2b49a198d8d7cfced67eb)
Failed to load shader (instanceID 440, GUID cfa7edf01005f4e338d973cea2f6eab3)
Failed to load shader (instanceID 458, GUID a07688e921e974338945464731e069ce)
Failed to load shader (instanceID 444, GUID 86212504c7e9f468db2300dc5932dc17)
Failed to load shader (instanceID 448, GUID d6e5744ac426949ff8c0f02936689d4c)
Failed to load shader (instanceID 470, GUID 24f9f312f97bd48dba1a728d58c89842)
Failed to load shader (instanceID 472, GUID 6f37d9e45fbae41b386f76d3bfefec4a)
Failed to load shader (instanceID 464, GUID 1fd883d610b2f42a98fc7abaf6809430)
Failed to load shader (instanceID 434, GUID c26db15b9a2ed4b2ebefefd26ce85ae1)
Failed to load shader (instanceID 466, GUID 25b8a80cb03994c769145599929a5e97)
Failed to load shader (instanceID 454, GUID 33cb4e8ff0c1d43ac8ec40692656c7ed)
Refreshing native plugins compatible for Editor in 2.94 ms, found 3 plugins.
Preloading 0 native plugins for Editor in 0.00 ms.
Unloading 3084 Unused Serialized files (Serialized files now loaded: 0)
Unloading 24 unused Assets / (42.2 KB). Loaded Objects now: 3617.
Memory consumption went from 131.8 MB to 131.8 MB.
Total: 4.114700 ms (FindLiveObjects: 0.277100 ms CreateObjectMapping: 0.217900 ms MarkObjects: 3.536200 ms  DeleteObjects: 0.082300 ms)

Prepare: number of updated asset objects reloaded= 0
AssetImportParameters requested are different than current active one (requested -> active):
  custom:container-demuxer-ogg: 62fdf1f143b41e24485cea50d1cbac27 -> 
  custom:video-codec-MediaFoundation-h265: 746d11721c4dcdbdad8f713fa42b33f4 -> 
  custom:video-decoder-ogg-theora: a1e56fd34408186e4bbccfd4996cb3dc -> 
  custom:framework-win-MediaFoundation: 216162199b28c13a410421893ffa2e32 -> 
  custom:CustomObjectIndexerAttribute: 756ad292c208cfabdd7b50bc23989ffe -> 
  custom:container-demuxer-webm: 4f35f7cbe854078d1ac9338744f61a02 -> 
  custom:container-muxer-webm: aa71ff27fc2769a1b78a27578f13a17b -> 
  custom:video-decoder-webm-vp8: 9c59270c3fd7afecdb556c50c9e8de78 -> 
  custom:SearchIndexIgnoredProperties: e643bd26f0fe6173181afceb89e7c659 -> 
  custom:AudioImporter_EditorPlatform: d09bf68614088b80899f8185d706f6e7 -> 
  custom:video-encoder-webm-vp8: eb34c28f22e8b96e1ab97ce403110664 -> 
  custom:audio-decoder-ogg-vorbis: bf7c407c2cedff20999df2af8eb42d56 -> 
  custom:audio-encoder-webm-vorbis: bf7c407c2cedff20999df2af8eb42d56 -> 
========================================================================
Received Import Request.
  Time since last request: 1076.888139 seconds.
  path: Assets/Shader/GrassShader.shader
  artifactKey: Guid(9e188d9cfcc9c5f4d8342b2ccfe027c1) Importer(815301076,1909f56bfc062723c751e8b465ee728b)
Start importing Assets/Shader/GrassShader.shader using Guid(9e188d9cfcc9c5f4d8342b2ccfe027c1) Importer(815301076,1909f56bfc062723c751e8b465ee728b)  -> (artifact id: 'b3c5724390be22a98494741c827d0b15') in 0.029844 seconds
Number of updated asset objects reloaded before import = 0
Number of asset objects unloaded after import = 1
========================================================================
Received Import Request.
  Time since last request: 23.671231 seconds.
  path: Assets/Shader/GrassShader.shader
  artifactKey: Guid(9e188d9cfcc9c5f4d8342b2ccfe027c1) Importer(815301076,1909f56bfc062723c751e8b465ee728b)
Start importing Assets/Shader/GrassShader.shader using Guid(9e188d9cfcc9c5f4d8342b2ccfe027c1) Importer(815301076,1909f56bfc062723c751e8b465ee728b)  -> (artifact id: '0eff9cc732ac07908a3576947909735c') in 0.001656 seconds
Number of updated asset objects reloaded before import = 0
Number of asset objects unloaded after import = 1
========================================================================
Received Import Request.
  Time since last request: 14.919802 seconds.
  path: Assets/Shader/GrassShader.shader
  artifactKey: Guid(9e188d9cfcc9c5f4d8342b2ccfe027c1) Importer(815301076,1909f56bfc062723c751e8b465ee728b)
Start importing Assets/Shader/GrassShader.shader using Guid(9e188d9cfcc9c5f4d8342b2ccfe027c1) Importer(815301076,1909f56bfc062723c751e8b465ee728b)  -> (artifact id: 'ca5a434379c1534444701dbfb3419933') in 0.001300 seconds
Number of updated asset objects reloaded before import = 0
Number of asset objects unloaded after import = 1
========================================================================
Received Import Request.
  Time since last request: 2.600504 seconds.
  path: Assets/Shader/GrassShader.shader
  artifactKey: Guid(9e188d9cfcc9c5f4d8342b2ccfe027c1) Importer(815301076,1909f56bfc062723c751e8b465ee728b)
Start importing Assets/Shader/GrassShader.shader using Guid(9e188d9cfcc9c5f4d8342b2ccfe027c1) Importer(815301076,1909f56bfc062723c751e8b465ee728b)  -> (artifact id: '540f9f543d07d6cff70c1afafd9ffd12') in 0.001402 seconds
Number of updated asset objects reloaded before import = 0
Number of asset objects unloaded after import = 1
========================================================================
Received Import Request.
  Time since last request: 11.111502 seconds.
  path: Assets/Shader/GrassShader.shader
  artifactKey: Guid(9e188d9cfcc9c5f4d8342b2ccfe027c1) Importer(815301076,1909f56bfc062723c751e8b465ee728b)
Start importing Assets/Shader/GrassShader.shader using Guid(9e188d9cfcc9c5f4d8342b2ccfe027c1) Importer(815301076,1909f56bfc062723c751e8b465ee728b)  -> (artifact id: 'f34116843aa7f1e858698f84b95bd896') in 0.001403 seconds
Number of updated asset objects reloaded before import = 0
Number of asset objects unloaded after import = 1
